<?xml version="1.0" encoding="UTF-8"?>
<!-- Generated by org.testng.reporters.JUnitReportReporter -->
<testsuite hostname="DESKTOP-JHFB47I" failures="0" tests="1" name="com.Screenshots.PageScreenshot" time="4.742" errors="0" timestamp="2021-04-01T20:50:46 BDT" skipped="0">
  <testcase classname="com.Screenshots.PageScreenshot" name="generateScreenshot" time="4.742"/>
  <system-out/>
</testsuite> <!-- com.Screenshots.PageScreenshot -->
