<?xml version="1.0" encoding="UTF-8"?>
<!-- Generated by org.testng.reporters.JUnitReportReporter -->
<testsuite hostname="DESKTOP-JHFB47I" failures="0" tests="3" name="com.TestNG.TestNGDemo" time="0.013" errors="0" timestamp="2021-03-28T23:08:48 BDT" skipped="0">
  <testcase classname="com.TestNG.TestNGDemo" name="demo1" time="0.008"/>
  <system-out/>
  <testcase classname="com.TestNG.TestNGDemo" name="Demo1" time="0.002"/>
  <system-out/>
  <testcase classname="com.TestNG.TestNGDemo" name="demo2" time="0.003"/>
  <system-out/>
</testsuite> <!-- com.TestNG.TestNGDemo -->
