<?xml version="1.0" encoding="UTF-8"?>
<!-- Generated by org.testng.reporters.JUnitReportReporter -->
<testsuite hostname="DESKTOP-JHFB47I" failures="0" tests="3" name="com.TestNG.TestNGDemo2" time="0.007" errors="0" timestamp="2021-03-28T23:08:48 BDT" skipped="0">
  <testcase classname="com.TestNG.TestNGDemo2" name="demo3" time="0.002"/>
  <system-out/>
  <testcase classname="com.TestNG.TestNGDemo2" name="demo4" time="0.002"/>
  <system-out/>
  <testcase classname="com.TestNG.TestNGDemo2" name="Demo2" time="0.003"/>
  <system-out/>
</testsuite> <!-- com.TestNG.TestNGDemo2 -->
